[debug] [2025-08-01T03:07:42.768Z] ----------------------------------------------------------------------
[debug] [2025-08-01T03:07:42.770Z] Command:       C:\Program Files\nodejs\node.exe C:\Users\jpedr\AppData\Roaming\npm\node_modules\firebase-tools\lib\bin\firebase.js deploy --only hosting
[debug] [2025-08-01T03:07:42.770Z] CLI Version:   14.11.2
[debug] [2025-08-01T03:07:42.770Z] Platform:      win32
[debug] [2025-08-01T03:07:42.770Z] Node Version:  v22.16.0
[debug] [2025-08-01T03:07:42.770Z] Time:          Thu Jul 31 2025 23:07:42 GMT-0400 (Horário Padrão do Amazonas)
[debug] [2025-08-01T03:07:42.770Z] ----------------------------------------------------------------------
[debug] 
[debug] [2025-08-01T03:07:42.892Z] > command requires scopes: ["email","openid","https://www.googleapis.com/auth/cloudplatformprojects.readonly","https://www.googleapis.com/auth/firebase","https://www.googleapis.com/auth/cloud-platform"]
[debug] [2025-08-01T03:07:42.892Z] > authorizing via signed-in user (jpedrocaceres.dev@gmail.com)
[debug] [2025-08-01T03:07:42.892Z] [iam] checking project projeto-micronegocio for permissions ["firebase.projects.get","firebasehosting.sites.update"]
[debug] [2025-08-01T03:07:42.893Z] Checked if tokens are valid: true, expires at: 1754019624033
[debug] [2025-08-01T03:07:42.893Z] Checked if tokens are valid: true, expires at: 1754019624033
[debug] [2025-08-01T03:07:42.893Z] >>> [apiv2][query] POST https://cloudresourcemanager.googleapis.com/v1/projects/projeto-micronegocio:testIamPermissions [none]
[debug] [2025-08-01T03:07:42.893Z] >>> [apiv2][(partial)header] POST https://cloudresourcemanager.googleapis.com/v1/projects/projeto-micronegocio:testIamPermissions x-goog-quota-user=projects/projeto-micronegocio
[debug] [2025-08-01T03:07:42.893Z] >>> [apiv2][body] POST https://cloudresourcemanager.googleapis.com/v1/projects/projeto-micronegocio:testIamPermissions {"permissions":["firebase.projects.get","firebasehosting.sites.update"]}
[debug] [2025-08-01T03:07:43.795Z] <<< [apiv2][status] POST https://cloudresourcemanager.googleapis.com/v1/projects/projeto-micronegocio:testIamPermissions 200
[debug] [2025-08-01T03:07:43.796Z] <<< [apiv2][body] POST https://cloudresourcemanager.googleapis.com/v1/projects/projeto-micronegocio:testIamPermissions {"permissions":["firebase.projects.get","firebasehosting.sites.update"]}
[debug] [2025-08-01T03:07:43.796Z] Checked if tokens are valid: true, expires at: 1754019624033
[debug] [2025-08-01T03:07:43.796Z] Checked if tokens are valid: true, expires at: 1754019624033
[debug] [2025-08-01T03:07:43.796Z] >>> [apiv2][query] GET https://firebase.googleapis.com/v1beta1/projects/projeto-micronegocio [none]
[debug] [2025-08-01T03:07:44.223Z] <<< [apiv2][status] GET https://firebase.googleapis.com/v1beta1/projects/projeto-micronegocio 200
[debug] [2025-08-01T03:07:44.224Z] <<< [apiv2][body] GET https://firebase.googleapis.com/v1beta1/projects/projeto-micronegocio {"projectId":"projeto-micronegocio","projectNumber":"1089524937822","displayName":"Projeto micronegocio","name":"projects/projeto-micronegocio","resources":{"hostingSite":"projeto-micronegocio"},"state":"ACTIVE","etag":"1_a6b732d7-b5f8-4eb9-89b9-97d5b0d88602"}
[debug] [2025-08-01T03:07:45.930Z] defaultcredentials: writing to file C:\Users\jpedr\AppData\Roaming\firebase\jpedrocaceres_dev_gmail.com_application_default_credentials.json
[debug] [2025-08-01T03:07:45.931Z] Checked if tokens are valid: true, expires at: 1754019624033
[debug] [2025-08-01T03:07:45.931Z] Checked if tokens are valid: true, expires at: 1754019624033
[debug] [2025-08-01T03:07:45.931Z] >>> [apiv2][query] GET https://firebasehosting.googleapis.com/v1beta1/projects/projeto-micronegocio/sites pageToken=&pageSize=10
[debug] [2025-08-01T03:07:47.058Z] <<< [apiv2][status] GET https://firebasehosting.googleapis.com/v1beta1/projects/projeto-micronegocio/sites 200
[debug] [2025-08-01T03:07:47.058Z] <<< [apiv2][body] GET https://firebasehosting.googleapis.com/v1beta1/projects/projeto-micronegocio/sites {"sites":[{"name":"projects/projeto-micronegocio/sites/projeto-micronegocio","defaultUrl":"https://projeto-micronegocio.web.app","appId":"1:1089524937822:web:20f1528b5b1de4a43f30cf","type":"DEFAULT_SITE"}]}
[debug] [2025-08-01T03:07:47.058Z] Checked if tokens are valid: true, expires at: 1754019624033
[debug] [2025-08-01T03:07:47.058Z] Checked if tokens are valid: true, expires at: 1754019624033
[debug] [2025-08-01T03:07:47.058Z] >>> [apiv2][query] GET https://firebase.googleapis.com/v1beta1/projects/-/webApps/1:1089524937822:web:20f1528b5b1de4a43f30cf/config [none]
[debug] [2025-08-01T03:07:47.842Z] <<< [apiv2][status] GET https://firebase.googleapis.com/v1beta1/projects/-/webApps/1:1089524937822:web:20f1528b5b1de4a43f30cf/config 200
[debug] [2025-08-01T03:07:47.842Z] <<< [apiv2][body] GET https://firebase.googleapis.com/v1beta1/projects/-/webApps/1:1089524937822:web:20f1528b5b1de4a43f30cf/config {"projectId":"projeto-micronegocio","appId":"1:1089524937822:web:20f1528b5b1de4a43f30cf","storageBucket":"projeto-micronegocio.firebasestorage.app","apiKey":"AIzaSyDrN53ml2EVks4irQ46NyatQYYeAUhnCN4","authDomain":"projeto-micronegocio.firebaseapp.com","messagingSenderId":"1089524937822","measurementId":"G-Y8Q8SEYFSH"}
[info] 
   Thank you for trying our early preview of Next.js support on Firebase Hosting.
   During the preview, support is best-effort and breaking changes can be expected. Proceed with caution.
   The integration is known to work with Next.js version 12 - 15.0. You may encounter errors.

   Documentation: https://firebase.google.com/docs/hosting/frameworks/nextjs
   File a bug: https://github.com/firebase/firebase-tools/issues/new?template=bug_report.md
   Submit a feature request: https://github.com/firebase/firebase-tools/issues/new?template=feature_request.md

   We'd love to learn from you. Express your interest in helping us shape the future of Firebase Hosting: https://goo.gle/41enW5X

[debug] [2025-08-01T03:07:51.789Z] Checked if tokens are valid: true, expires at: 1754019624033
[debug] [2025-08-01T03:07:51.790Z] Checked if tokens are valid: true, expires at: 1754019624033
[debug] [2025-08-01T03:07:51.790Z] >>> [apiv2][query] GET https://firebasehosting.googleapis.com/v1beta1/projects/projeto-micronegocio/sites/projeto-micronegocio [none]
[debug] [2025-08-01T03:07:52.028Z] <<< [apiv2][status] GET https://firebasehosting.googleapis.com/v1beta1/projects/projeto-micronegocio/sites/projeto-micronegocio 200
[debug] [2025-08-01T03:07:52.028Z] <<< [apiv2][body] GET https://firebasehosting.googleapis.com/v1beta1/projects/projeto-micronegocio/sites/projeto-micronegocio {"name":"projects/projeto-micronegocio/sites/projeto-micronegocio","defaultUrl":"https://projeto-micronegocio.web.app","appId":"1:1089524937822:web:20f1528b5b1de4a43f30cf","type":"DEFAULT_SITE"}
[info]  ⚠ Warning: Found multiple lockfiles. Selecting C:\Users\jpedr\Documents\Programação\Projeto_micronegocio\package-lock.json.
   Consider removing the lockfiles at:
   * C:\Users\jpedr\Documents\Programação\Projeto_micronegocio\Projeto_micronegocio\package-lock.json


[info]    ▲ Next.js 15.4.4

[info]    - Environments: .env


[info]    Creating an optimized production build ...

[info]  ✓ Compiled successfully in 2000ms

[info]    Linting and checking validity of types ...

[info]  ⨯ ESLint: Invalid Options: - Unknown options: useEslintrc, extensions - 'extensions' has been removed.

[info]    Collecting page data ...

[info]    Generating static pages (0/8) ...

[info]    Generating static pages (2/8) 

[info]    Generating static pages (4/8) 

[info]    Generating static pages (6/8) 

[info]  ✓ Generating static pages (8/8)

[info]    Finalizing page optimization ...
   Collecting build traces ...

[info] 

[info] Route (app)                                 Size  First Load JS
┌ ○ /                                      483 B         100 kB
├ ○ /_not-found                            990 B         101 kB
├ ○ /appointments                        3.37 kB         198 kB
├ ○ /dashboard                           3.48 kB         199 kB
├ ○ /login                               4.05 kB         239 kB
└ ○ /register                            4.46 kB         240 kB
+ First Load JS shared by all            99.7 kB
  ├ chunks/4bd1b696-cf72ae8a39fa05aa.js  54.1 kB
  ├ chunks/964-1a6a13c36f25f1c5.js       43.5 kB
  └ other shared chunks (total)          1.99 kB


ƒ Middleware                             32.3 kB


[info] ○  (Static)  prerendered as static content


[info] Building a Cloud Function to run this application. This is needed due to:
[info]  • middleware
[info] 
[debug] [2025-08-01T03:08:16.107Z] skipping / due to it matching an unsupported rewrite/redirect/header or middlware
[debug] [2025-08-01T03:08:16.107Z] skipping /appointments due to it matching an unsupported rewrite/redirect/header or middlware
[debug] [2025-08-01T03:08:16.107Z] skipping /dashboard due to it matching an unsupported rewrite/redirect/header or middlware
[debug] [2025-08-01T03:08:16.107Z] skipping /register due to it matching an unsupported rewrite/redirect/header or middlware
[debug] [2025-08-01T03:08:16.107Z] skipping /login due to it matching an unsupported rewrite/redirect/header or middlware
[debug] [2025-08-01T03:08:16.107Z] skipping /404 due to it matching an unsupported rewrite/redirect/header or middlware
[debug] [2025-08-01T03:08:18.560Z] Checked if tokens are valid: true, expires at: 1754019624033
[debug] [2025-08-01T03:08:18.560Z] Checked if tokens are valid: true, expires at: 1754019624033
[debug] [2025-08-01T03:08:18.560Z] >>> [apiv2][query] GET https://firebasehosting.googleapis.com/v1beta1/projects/projeto-micronegocio/sites/projeto-micronegocio [none]
[debug] [2025-08-01T03:08:19.704Z] <<< [apiv2][status] GET https://firebasehosting.googleapis.com/v1beta1/projects/projeto-micronegocio/sites/projeto-micronegocio 200
[debug] [2025-08-01T03:08:19.704Z] <<< [apiv2][body] GET https://firebasehosting.googleapis.com/v1beta1/projects/projeto-micronegocio/sites/projeto-micronegocio {"name":"projects/projeto-micronegocio/sites/projeto-micronegocio","defaultUrl":"https://projeto-micronegocio.web.app","appId":"1:1089524937822:web:20f1528b5b1de4a43f30cf","type":"DEFAULT_SITE"}
[warn] !  This integration expects Node version 16, 18, or 20. You're running version 22, problems may be encountered. 
[debug] [2025-08-01T03:08:22.590Z] [web frameworks] effective firebase.json:  {
  "hosting": [
    {
      "source": ".",
      "ignore": [
        "firebase.json",
        "**/.*",
        "**/node_modules/**"
      ],
      "frameworksBackend": {
        "region": "us-central1"
      },
      "site": "projeto-micronegocio",
      "rewrites": [
        {
          "source": "**",
          "function": {
            "functionId": "ssrprojetomicronegocio",
            "region": "us-central1",
            "pinTag": true
          }
        }
      ],
      "redirects": [],
      "headers": [
        {
          "source": "/_not-found",
          "headers": [
            {
              "key": "x-nextjs-stale-time",
              "value": "300"
            },
            {
              "key": "x-nextjs-prerender",
              "value": "1"
            },
            {
              "key": "x-next-cache-tags",
              "value": "_N_T_/layout,_N_T_/_not-found/layout,_N_T_/_not-found/page,_N_T_/_not-found"
            }
          ]
        },
        {
          "source": "/register",
          "headers": [
            {
              "key": "x-nextjs-stale-time",
              "value": "300"
            },
            {
              "key": "x-nextjs-prerender",
              "value": "1"
            },
            {
              "key": "x-next-cache-tags",
              "value": "_N_T_/layout,_N_T_/register/layout,_N_T_/register/page,_N_T_/register"
            }
          ]
        },
        {
          "source": "/login",
          "headers": [
            {
              "key": "x-nextjs-stale-time",
              "value": "300"
            },
            {
              "key": "x-nextjs-prerender",
              "value": "1"
            },
            {
              "key": "x-next-cache-tags",
              "value": "_N_T_/layout,_N_T_/login/layout,_N_T_/login/page,_N_T_/login"
            }
          ]
        },
        {
          "source": "/appointments",
          "headers": [
            {
              "key": "x-nextjs-stale-time",
              "value": "300"
            },
            {
              "key": "x-nextjs-prerender",
              "value": "1"
            },
            {
              "key": "x-next-cache-tags",
              "value": "_N_T_/layout,_N_T_/appointments/layout,_N_T_/appointments/page,_N_T_/appointments"
            }
          ]
        },
        {
          "source": "/dashboard",
          "headers": [
            {
              "key": "x-nextjs-stale-time",
              "value": "300"
            },
            {
              "key": "x-nextjs-prerender",
              "value": "1"
            },
            {
              "key": "x-next-cache-tags",
              "value": "_N_T_/layout,_N_T_/dashboard/layout,_N_T_/dashboard/page,_N_T_/dashboard"
            }
          ]
        },
        {
          "source": "**/*.[jt]s",
          "headers": [
            {
              "key": "Set-Cookie",
              "value": "__FIREBASE_DEFAULTS__=eyJjb25maWciOnsicHJvamVjdElkIjoicHJvamV0by1taWNyb25lZ29jaW8iLCJhcHBJZCI6IjE6MTA4OTUyNDkzNzgyMjp3ZWI6MjBmMTUyOGI1YjFkZTRhNDNmMzBjZiIsInN0b3JhZ2VCdWNrZXQiOiJwcm9qZXRvLW1pY3JvbmVnb2Npby5maXJlYmFzZXN0b3JhZ2UuYXBwIiwiYXBpS2V5IjoiQUl6YVN5RHJONTNtbDJFVmtzNGlyUTQ2TnlhdFFZWWVBVWhuQ040IiwiYXV0aERvbWFpbiI6InByb2pldG8tbWljcm9uZWdvY2lvLmZpcmViYXNlYXBwLmNvbSIsIm1lc3NhZ2luZ1NlbmRlcklkIjoiMTA4OTUyNDkzNzgyMiIsIm1lYXN1cmVtZW50SWQiOiJHLVk4UThTRVlGU0gifSwiX2F1dGhUb2tlblN5bmNVUkwiOiIvX19zZXNzaW9uIn0; SameSite=Strict; Expires=2027-06-26T13:48:22.590Z; Path=/;"
            }
          ]
        }
      ],
      "cleanUrls": true,
      "trailingSlash": false,
      "public": ".firebase\\projeto-micronegocio\\hosting",
      "webFramework": "next_ssr"
    }
  ],
  "functions": [
    {
      "source": ".firebase\\projeto-micronegocio\\functions",
      "codebase": "firebase-frameworks-projeto-micronegocio"
    }
  ]
}
[debug] [2025-08-01T03:08:22.590Z] > command requires scopes: ["email","openid","https://www.googleapis.com/auth/cloudplatformprojects.readonly","https://www.googleapis.com/auth/firebase","https://www.googleapis.com/auth/cloud-platform"]
[debug] [2025-08-01T03:08:22.590Z] > authorizing via signed-in user (jpedrocaceres.dev@gmail.com)
[debug] [2025-08-01T03:08:22.590Z] [iam] checking project projeto-micronegocio for permissions ["cloudfunctions.functions.create","cloudfunctions.functions.delete","cloudfunctions.functions.get","cloudfunctions.functions.list","cloudfunctions.functions.update","cloudfunctions.operations.get","firebase.projects.get"]
[debug] [2025-08-01T03:08:22.590Z] Checked if tokens are valid: true, expires at: 1754019624033
[debug] [2025-08-01T03:08:22.590Z] Checked if tokens are valid: true, expires at: 1754019624033
[debug] [2025-08-01T03:08:22.590Z] >>> [apiv2][query] POST https://cloudresourcemanager.googleapis.com/v1/projects/projeto-micronegocio:testIamPermissions [none]
[debug] [2025-08-01T03:08:22.591Z] >>> [apiv2][(partial)header] POST https://cloudresourcemanager.googleapis.com/v1/projects/projeto-micronegocio:testIamPermissions x-goog-quota-user=projects/projeto-micronegocio
[debug] [2025-08-01T03:08:22.591Z] >>> [apiv2][body] POST https://cloudresourcemanager.googleapis.com/v1/projects/projeto-micronegocio:testIamPermissions {"permissions":["cloudfunctions.functions.create","cloudfunctions.functions.delete","cloudfunctions.functions.get","cloudfunctions.functions.list","cloudfunctions.functions.update","cloudfunctions.operations.get","firebase.projects.get"]}
[debug] [2025-08-01T03:08:23.445Z] <<< [apiv2][status] POST https://cloudresourcemanager.googleapis.com/v1/projects/projeto-micronegocio:testIamPermissions 200
[debug] [2025-08-01T03:08:23.445Z] <<< [apiv2][body] POST https://cloudresourcemanager.googleapis.com/v1/projects/projeto-micronegocio:testIamPermissions {"permissions":["cloudfunctions.functions.create","cloudfunctions.functions.delete","cloudfunctions.functions.get","cloudfunctions.functions.list","cloudfunctions.functions.update","cloudfunctions.operations.get","firebase.projects.get"]}
[debug] [2025-08-01T03:08:23.446Z] Checked if tokens are valid: true, expires at: 1754019624033
[debug] [2025-08-01T03:08:23.446Z] Checked if tokens are valid: true, expires at: 1754019624033
[debug] [2025-08-01T03:08:23.446Z] >>> [apiv2][query] GET https://cloudfunctions.googleapis.com/v1/projects/projeto-micronegocio/locations/-/functions [none]
[debug] [2025-08-01T03:08:24.484Z] <<< [apiv2][status] GET https://cloudfunctions.googleapis.com/v1/projects/projeto-micronegocio/locations/-/functions 200
[debug] [2025-08-01T03:08:24.484Z] <<< [apiv2][body] GET https://cloudfunctions.googleapis.com/v1/projects/projeto-micronegocio/locations/-/functions {}
[debug] [2025-08-01T03:08:24.484Z] Checked if tokens are valid: true, expires at: 1754019624033
[debug] [2025-08-01T03:08:24.484Z] Checked if tokens are valid: true, expires at: 1754019624033
[debug] [2025-08-01T03:08:24.484Z] >>> [apiv2][query] GET https://cloudfunctions.googleapis.com/v2/projects/projeto-micronegocio/locations/-/functions filter=environment%3D%22GEN_2%22
[debug] [2025-08-01T03:08:25.675Z] <<< [apiv2][status] GET https://cloudfunctions.googleapis.com/v2/projects/projeto-micronegocio/locations/-/functions 200
[debug] [2025-08-01T03:08:25.675Z] <<< [apiv2][body] GET https://cloudfunctions.googleapis.com/v2/projects/projeto-micronegocio/locations/-/functions {}
[info] i  hosting: The following function(s) are pinned to site projeto-micronegocio and will be deployed as well: ssrprojetomicronegocio 
[info] 
[info] === Deploying to 'projeto-micronegocio'...
[info] 
[info] i  deploying functions, hosting 
[debug] [2025-08-01T03:08:25.678Z] Checked if tokens are valid: true, expires at: 1754019624033
[debug] [2025-08-01T03:08:25.678Z] Checked if tokens are valid: true, expires at: 1754019624033
[debug] [2025-08-01T03:08:25.678Z] >>> [apiv2][query] GET https://cloudresourcemanager.googleapis.com/v1/projects/projeto-micronegocio [none]
[debug] [2025-08-01T03:08:25.892Z] <<< [apiv2][status] GET https://cloudresourcemanager.googleapis.com/v1/projects/projeto-micronegocio 200
[debug] [2025-08-01T03:08:25.892Z] <<< [apiv2][body] GET https://cloudresourcemanager.googleapis.com/v1/projects/projeto-micronegocio {"projectNumber":"1089524937822","projectId":"projeto-micronegocio","lifecycleState":"ACTIVE","name":"Projeto micronegocio","labels":{"firebase":"enabled","firebase-core":"disabled"},"createTime":"2025-07-18T02:11:13.680194Z"}
[info] i  functions: preparing codebase firebase-frameworks-projeto-micronegocio for deployment 
[info] i  functions: ensuring required API cloudfunctions.googleapis.com is enabled... 
[info] i  functions: ensuring required API cloudbuild.googleapis.com is enabled... 
[info] i  artifactregistry: ensuring required API artifactregistry.googleapis.com is enabled... 
[debug] [2025-08-01T03:08:25.894Z] Checked if tokens are valid: true, expires at: 1754019624033
[debug] [2025-08-01T03:08:25.894Z] Checked if tokens are valid: true, expires at: 1754019624033
[debug] [2025-08-01T03:08:25.894Z] >>> [apiv2][query] GET https://firebase.googleapis.com/v1beta1/projects/projeto-micronegocio/adminSdkConfig [none]
[debug] [2025-08-01T03:08:26.315Z] <<< [apiv2][status] GET https://firebase.googleapis.com/v1beta1/projects/projeto-micronegocio/adminSdkConfig 200
[debug] [2025-08-01T03:08:26.315Z] <<< [apiv2][body] GET https://firebase.googleapis.com/v1beta1/projects/projeto-micronegocio/adminSdkConfig {"projectId":"projeto-micronegocio","storageBucket":"projeto-micronegocio.firebasestorage.app"}
[debug] [2025-08-01T03:08:26.315Z] Checked if tokens are valid: true, expires at: 1754019624033
[debug] [2025-08-01T03:08:26.315Z] Checked if tokens are valid: true, expires at: 1754019624033
[debug] [2025-08-01T03:08:26.316Z] >>> [apiv2][query] GET https://runtimeconfig.googleapis.com/v1beta1/projects/projeto-micronegocio/configs [none]
[debug] [2025-08-01T03:08:27.470Z] <<< [apiv2][status] GET https://runtimeconfig.googleapis.com/v1beta1/projects/projeto-micronegocio/configs 200
[debug] [2025-08-01T03:08:27.470Z] <<< [apiv2][body] GET https://runtimeconfig.googleapis.com/v1beta1/projects/projeto-micronegocio/configs {}
[debug] [2025-08-01T03:08:27.471Z] Validating nodejs source
[warn] !  functions: Runtime Node.js 18 was deprecated on 2025-04-30 and will be decommissioned on 2025-10-30, after which you will not be able to deploy without upgrading. Consider upgrading now to avoid disruption. See https://cloud.google.com/functions/docs/runtime-support for full details on the lifecycle policy 
[debug] [2025-08-01T03:08:28.086Z] > [functions] package.json contents: {
  "name": "bizmanager",
  "version": "0.0.0",
  "private": true,
  "description": "Projeto para melhorar habilidades com desenvolvimento de software.",
  "homepage": "https://github.com/jpedrocaceres/Projeto_micronegocio#readme",
  "bugs": {
    "url": "https://github.com/jpedrocaceres/Projeto_micronegocio/issues"
  },
  "repository": {
    "type": "git",
    "url": "git+https://github.com/jpedrocaceres/Projeto_micronegocio.git"
  },
  "license": "MIT",
  "author": "jpedro_caceres",
  "dependencies": {
    "@headlessui/react": "^2.2.4",
    "@heroicons/react": "^2.2.0",
    "@next/env": "^15.4.4",
    "autoprefixer": "^10.4.17",
    "express": "^5.1.0",
    "firebase": "^12.0.0",
    "firebase-admin": "^13.4.0",
    "next": "^15.4.4",
    "postcss": "^8.4.38",
    "react": "^19.1.0",
    "react-dom": "^19.1.0",
    "react-icons": "^5.5.0",
    "tailwindcss": "^3.4.17",
    "validator": "^13.15.15",
    "firebase-frameworks": "^0.11.0",
    "firebase-functions": "^6.0.1"
  },
  "engines": {
    "node": "18"
  },
  "main": "server.js"
}
[debug] [2025-08-01T03:08:28.086Z] Building nodejs source
[info] i  functions: Loading and analyzing source code for codebase firebase-frameworks-projeto-micronegocio to determine what to deploy 
[debug] [2025-08-01T03:08:28.087Z] Could not find functions.yaml. Must use http discovery
[debug] [2025-08-01T03:08:28.093Z] Found firebase-functions binary at 'C:\Users\jpedr\Documents\Programação\Projeto_micronegocio\Projeto_micronegocio\.firebase\projeto-micronegocio\functions\node_modules\.bin\firebase-functions'
[info] Serving at port 8158

[debug] [2025-08-01T03:08:28.493Z] Got response from /__/functions.yaml {"endpoints":{"ssrprojetomicronegocio":{"availableMemoryMb":null,"timeoutSeconds":null,"minInstances":null,"maxInstances":null,"ingressSettings":null,"concurrency":null,"serviceAccountEmail":null,"vpc":null,"platform":"gcfv2","region":["us-central1"],"labels":{},"httpsTrigger":{},"entryPoint":"ssrprojetomicronegocio"}},"specVersion":"v1alpha1","requiredAPIs":[],"extensions":{}}
[info] i  extensions: ensuring required API firebaseextensions.googleapis.com is enabled... 
[debug] [2025-08-01T03:08:32.522Z] > command requires scopes: ["email","openid","https://www.googleapis.com/auth/cloudplatformprojects.readonly","https://www.googleapis.com/auth/firebase","https://www.googleapis.com/auth/cloud-platform"]
[debug] [2025-08-01T03:08:32.523Z] > authorizing via signed-in user (jpedrocaceres.dev@gmail.com)
[debug] [2025-08-01T03:08:32.523Z] [iam] checking project projeto-micronegocio for permissions ["firebase.projects.get","firebaseextensions.instances.list"]
[debug] [2025-08-01T03:08:32.523Z] Checked if tokens are valid: true, expires at: 1754019624033
[debug] [2025-08-01T03:08:32.523Z] Checked if tokens are valid: true, expires at: 1754019624033
[debug] [2025-08-01T03:08:32.523Z] >>> [apiv2][query] POST https://cloudresourcemanager.googleapis.com/v1/projects/projeto-micronegocio:testIamPermissions [none]
[debug] [2025-08-01T03:08:32.523Z] >>> [apiv2][(partial)header] POST https://cloudresourcemanager.googleapis.com/v1/projects/projeto-micronegocio:testIamPermissions x-goog-quota-user=projects/projeto-micronegocio
[debug] [2025-08-01T03:08:32.523Z] >>> [apiv2][body] POST https://cloudresourcemanager.googleapis.com/v1/projects/projeto-micronegocio:testIamPermissions {"permissions":["firebase.projects.get","firebaseextensions.instances.list"]}
[debug] [2025-08-01T03:08:33.383Z] <<< [apiv2][status] POST https://cloudresourcemanager.googleapis.com/v1/projects/projeto-micronegocio:testIamPermissions 200
[debug] [2025-08-01T03:08:33.383Z] <<< [apiv2][body] POST https://cloudresourcemanager.googleapis.com/v1/projects/projeto-micronegocio:testIamPermissions {"permissions":["firebase.projects.get","firebaseextensions.instances.list"]}
[debug] [2025-08-01T03:08:33.383Z] Checked if tokens are valid: true, expires at: 1754019624033
[debug] [2025-08-01T03:08:33.383Z] Checked if tokens are valid: true, expires at: 1754019624033
[debug] [2025-08-01T03:08:33.383Z] >>> [apiv2][query] GET https://firebaseextensions.googleapis.com/v1beta/projects/projeto-micronegocio/instances pageSize=100&pageToken=
[debug] [2025-08-01T03:08:34.571Z] <<< [apiv2][status] GET https://firebaseextensions.googleapis.com/v1beta/projects/projeto-micronegocio/instances 200
[debug] [2025-08-01T03:08:34.571Z] <<< [apiv2][body] GET https://firebaseextensions.googleapis.com/v1beta/projects/projeto-micronegocio/instances {}
[debug] [2025-08-01T03:08:34.572Z] Failed to validate key FIREBASE_CLIENT_EMAIL: Error: Key FIREBASE_CLIENT_EMAIL starts with a reserved prefix (X_GOOGLE_ FIREBASE_ EXT_)
[debug] [2025-08-01T03:08:34.572Z] Failed to validate key FIREBASE_PRIVATE_KEY: Error: Key FIREBASE_PRIVATE_KEY starts with a reserved prefix (X_GOOGLE_ FIREBASE_ EXT_)
[error] Error: Failed to load environment variables from .env.:
[error] - Error Key FIREBASE_CLIENT_EMAIL starts with a reserved prefix (X_GOOGLE_ FIREBASE_ EXT_)
[error] - Error Key FIREBASE_PRIVATE_KEY starts with a reserved prefix (X_GOOGLE_ FIREBASE_ EXT_)
[debug] [2025-08-01T03:08:53.029Z] ----------------------------------------------------------------------
[debug] [2025-08-01T03:08:53.030Z] Command:       C:\Program Files\nodejs\node.exe C:\Users\jpedr\AppData\Roaming\npm\node_modules\firebase-tools\lib\bin\firebase.js deploy --only hosting
[debug] [2025-08-01T03:08:53.030Z] CLI Version:   14.11.2
[debug] [2025-08-01T03:08:53.030Z] Platform:      win32
[debug] [2025-08-01T03:08:53.030Z] Node Version:  v22.16.0
[debug] [2025-08-01T03:08:53.030Z] Time:          Thu Jul 31 2025 23:08:53 GMT-0400 (Horário Padrão do Amazonas)
[debug] [2025-08-01T03:08:53.030Z] ----------------------------------------------------------------------
[debug] 
[debug] [2025-08-01T03:08:53.162Z] > command requires scopes: ["email","openid","https://www.googleapis.com/auth/cloudplatformprojects.readonly","https://www.googleapis.com/auth/firebase","https://www.googleapis.com/auth/cloud-platform"]
[debug] [2025-08-01T03:08:53.162Z] > authorizing via signed-in user (jpedrocaceres.dev@gmail.com)
[debug] [2025-08-01T03:08:53.162Z] [iam] checking project projeto-micronegocio for permissions ["firebase.projects.get","firebasehosting.sites.update"]
[debug] [2025-08-01T03:08:53.163Z] Checked if tokens are valid: true, expires at: 1754019624033
[debug] [2025-08-01T03:08:53.163Z] Checked if tokens are valid: true, expires at: 1754019624033
[debug] [2025-08-01T03:08:53.164Z] >>> [apiv2][query] POST https://cloudresourcemanager.googleapis.com/v1/projects/projeto-micronegocio:testIamPermissions [none]
[debug] [2025-08-01T03:08:53.164Z] >>> [apiv2][(partial)header] POST https://cloudresourcemanager.googleapis.com/v1/projects/projeto-micronegocio:testIamPermissions x-goog-quota-user=projects/projeto-micronegocio
[debug] [2025-08-01T03:08:53.164Z] >>> [apiv2][body] POST https://cloudresourcemanager.googleapis.com/v1/projects/projeto-micronegocio:testIamPermissions {"permissions":["firebase.projects.get","firebasehosting.sites.update"]}
[debug] [2025-08-01T03:08:54.049Z] <<< [apiv2][status] POST https://cloudresourcemanager.googleapis.com/v1/projects/projeto-micronegocio:testIamPermissions 200
[debug] [2025-08-01T03:08:54.049Z] <<< [apiv2][body] POST https://cloudresourcemanager.googleapis.com/v1/projects/projeto-micronegocio:testIamPermissions {"permissions":["firebase.projects.get","firebasehosting.sites.update"]}
[debug] [2025-08-01T03:08:54.049Z] Checked if tokens are valid: true, expires at: 1754019624033
[debug] [2025-08-01T03:08:54.049Z] Checked if tokens are valid: true, expires at: 1754019624033
[debug] [2025-08-01T03:08:54.050Z] >>> [apiv2][query] GET https://firebase.googleapis.com/v1beta1/projects/projeto-micronegocio [none]
[debug] [2025-08-01T03:08:54.467Z] <<< [apiv2][status] GET https://firebase.googleapis.com/v1beta1/projects/projeto-micronegocio 200
[debug] [2025-08-01T03:08:54.467Z] <<< [apiv2][body] GET https://firebase.googleapis.com/v1beta1/projects/projeto-micronegocio {"projectId":"projeto-micronegocio","projectNumber":"1089524937822","displayName":"Projeto micronegocio","name":"projects/projeto-micronegocio","resources":{"hostingSite":"projeto-micronegocio"},"state":"ACTIVE","etag":"1_a6b732d7-b5f8-4eb9-89b9-97d5b0d88602"}
[debug] [2025-08-01T03:08:56.060Z] defaultcredentials: writing to file C:\Users\jpedr\AppData\Roaming\firebase\jpedrocaceres_dev_gmail.com_application_default_credentials.json
[debug] [2025-08-01T03:08:56.061Z] Checked if tokens are valid: true, expires at: 1754019624033
[debug] [2025-08-01T03:08:56.061Z] Checked if tokens are valid: true, expires at: 1754019624033
[debug] [2025-08-01T03:08:56.061Z] >>> [apiv2][query] GET https://firebasehosting.googleapis.com/v1beta1/projects/projeto-micronegocio/sites pageToken=&pageSize=10
[debug] [2025-08-01T03:08:57.190Z] <<< [apiv2][status] GET https://firebasehosting.googleapis.com/v1beta1/projects/projeto-micronegocio/sites 200
[debug] [2025-08-01T03:08:57.191Z] <<< [apiv2][body] GET https://firebasehosting.googleapis.com/v1beta1/projects/projeto-micronegocio/sites {"sites":[{"name":"projects/projeto-micronegocio/sites/projeto-micronegocio","defaultUrl":"https://projeto-micronegocio.web.app","appId":"1:1089524937822:web:20f1528b5b1de4a43f30cf","type":"DEFAULT_SITE"}]}
[debug] [2025-08-01T03:08:57.191Z] Checked if tokens are valid: true, expires at: 1754019624033
[debug] [2025-08-01T03:08:57.191Z] Checked if tokens are valid: true, expires at: 1754019624033
[debug] [2025-08-01T03:08:57.191Z] >>> [apiv2][query] GET https://firebase.googleapis.com/v1beta1/projects/-/webApps/1:1089524937822:web:20f1528b5b1de4a43f30cf/config [none]
[debug] [2025-08-01T03:08:58.240Z] <<< [apiv2][status] GET https://firebase.googleapis.com/v1beta1/projects/-/webApps/1:1089524937822:web:20f1528b5b1de4a43f30cf/config 200
[debug] [2025-08-01T03:08:58.240Z] <<< [apiv2][body] GET https://firebase.googleapis.com/v1beta1/projects/-/webApps/1:1089524937822:web:20f1528b5b1de4a43f30cf/config {"projectId":"projeto-micronegocio","appId":"1:1089524937822:web:20f1528b5b1de4a43f30cf","storageBucket":"projeto-micronegocio.firebasestorage.app","apiKey":"AIzaSyDrN53ml2EVks4irQ46NyatQYYeAUhnCN4","authDomain":"projeto-micronegocio.firebaseapp.com","messagingSenderId":"1089524937822","measurementId":"G-Y8Q8SEYFSH"}
[info] 
   Thank you for trying our early preview of Next.js support on Firebase Hosting.
   During the preview, support is best-effort and breaking changes can be expected. Proceed with caution.
   The integration is known to work with Next.js version 12 - 15.0. You may encounter errors.

   Documentation: https://firebase.google.com/docs/hosting/frameworks/nextjs
   File a bug: https://github.com/firebase/firebase-tools/issues/new?template=bug_report.md
   Submit a feature request: https://github.com/firebase/firebase-tools/issues/new?template=feature_request.md

   We'd love to learn from you. Express your interest in helping us shape the future of Firebase Hosting: https://goo.gle/41enW5X

[debug] [2025-08-01T03:09:02.281Z] Checked if tokens are valid: true, expires at: 1754019624033
[debug] [2025-08-01T03:09:02.281Z] Checked if tokens are valid: true, expires at: 1754019624033
[debug] [2025-08-01T03:09:02.281Z] >>> [apiv2][query] GET https://firebasehosting.googleapis.com/v1beta1/projects/projeto-micronegocio/sites/projeto-micronegocio [none]
[debug] [2025-08-01T03:09:03.300Z] <<< [apiv2][status] GET https://firebasehosting.googleapis.com/v1beta1/projects/projeto-micronegocio/sites/projeto-micronegocio 200
[debug] [2025-08-01T03:09:03.300Z] <<< [apiv2][body] GET https://firebasehosting.googleapis.com/v1beta1/projects/projeto-micronegocio/sites/projeto-micronegocio {"name":"projects/projeto-micronegocio/sites/projeto-micronegocio","defaultUrl":"https://projeto-micronegocio.web.app","appId":"1:1089524937822:web:20f1528b5b1de4a43f30cf","type":"DEFAULT_SITE"}
[info]  ⚠ Warning: Found multiple lockfiles. Selecting C:\Users\jpedr\Documents\Programação\Projeto_micronegocio\package-lock.json.
   Consider removing the lockfiles at:
   * C:\Users\jpedr\Documents\Programação\Projeto_micronegocio\Projeto_micronegocio\package-lock.json


[info]    ▲ Next.js 15.4.4

[info]    - Environments: .env


[info]    Creating an optimized production build ...

[info]  ✓ Compiled successfully in 2000ms

[info]    Linting and checking validity of types ...

[info]  ⨯ ESLint: Invalid Options: - Unknown options: useEslintrc, extensions - 'extensions' has been removed.

[info] Failed to compile.


[info] Type error: Could not write file 'C:\Users\jpedr\Documents\Programação\Projeto_micronegocio\Projeto_micronegocio\.next\cache\.tsbuildinfo': UNKNOWN: unknown error, open 'C:\Users\jpedr\Documents\Programação\Projeto_micronegocio\Projeto_micronegocio\.next\cache\.tsbuildinfo'.


[info] Next.js build worker exited with code: 1 and signal: null

[debug] [2025-08-01T03:09:12.857Z] Error: ENOENT: no such file or directory, open 'C:\Users\jpedr\Documents\Programação\Projeto_micronegocio\Projeto_micronegocio\.next\export-marker.json'
[error] 
[error] Error: An unexpected error has occurred.
